#
# There is insufficient memory for the Java Runtime Environment to continue.
# Native memory allocation (malloc) failed to allocate 1177456 bytes for Chunk::new
# Possible reasons:
#   The system is out of physical RAM or swap space
#   The process is running with CompressedOops enabled, and the Java Heap may be blocking the growth of the native heap
# Possible solutions:
#   Reduce memory load on the system
#   Increase physical memory or swap space
#   Check if swap backing store is full
#   Decrease Java heap size (-Xmx/-Xms)
#   Decrease number of Java threads
#   Decrease Java thread stack sizes (-Xss)
#   Set larger code cache with -XX:ReservedCodeCacheSize=
#   JVM is running with Unscaled Compressed Oops mode in which the Java heap is
#     placed in the first 4GB address space. The Java Heap base address is the
#     maximum limit for the native heap growth. Please use -XX:HeapBaseMinAddress
#     to set the Java Heap base and to place the Java Heap above 4GB virtual address.
# This output file may be truncated or incomplete.
#
#  Out of Memory Error (allocation.cpp:389), pid=9408, tid=0x0000000000001db8
#
# JRE version: OpenJDK Runtime Environment (8.0_242-b01) (build 1.8.0_242-release-1644-b01)
# Java VM: OpenJDK 64-Bit Server VM (25.242-b01 mixed mode windows-amd64 compressed oops)
# Failed to write core dump. Minidumps are not enabled by default on client versions of Windows
#

---------------  T H R E A D  ---------------

Current thread (0x000000001a4d6000):  JavaThread "C2 CompilerThread0" daemon [_thread_in_native, id=7608, stack(0x000000001aca0000,0x000000001ada0000)]

Stack: [0x000000001aca0000,0x000000001ada0000]
[error occurred during error reporting (printing stack bounds), id 0xc0000005]

Native frames: (J=compiled Java code, j=interpreted, Vv=VM code, C=native code)


Current CompileTask:
C2:  10327 4380   !   4       java.util.jar.Attributes::read (380 bytes)


---------------  P R O C E S S  ---------------

Java Threads: ( => current thread )
  0x000000001c5cd800 JavaThread "Cache worker for Build Output Cleanup Cache (D:\appapk\MyApplication2\.gradle\buildOutputCleanup)" [_thread_blocked, id=3284, stack(0x000000002a9a0000,0x000000002aaa0000)]
  0x000000001c5cf000 JavaThread "pool-1-thread-1" [_thread_blocked, id=17888, stack(0x000000002a6a0000,0x000000002a7a0000)]
  0x000000001c5cd000 JavaThread "jar transforms Thread 80" [_thread_blocked, id=12216, stack(0x000000002a1a0000,0x000000002a2a0000)]
  0x000000001c5cb800 JavaThread "jar transforms Thread 79" [_thread_blocked, id=19328, stack(0x000000002a0a0000,0x000000002a1a0000)]
  0x000000001c5ca800 JavaThread "jar transforms Thread 78" [_thread_blocked, id=13056, stack(0x0000000029fa0000,0x000000002a0a0000)]
  0x000000001c5c6000 JavaThread "jar transforms Thread 77" [_thread_blocked, id=17580, stack(0x0000000029ea0000,0x0000000029fa0000)]
  0x000000001c5cc000 JavaThread "jar transforms Thread 76" [_thread_blocked, id=20300, stack(0x0000000029da0000,0x0000000029ea0000)]
  0x000000001c5c7800 JavaThread "jar transforms Thread 75" [_thread_blocked, id=3280, stack(0x0000000029ca0000,0x0000000029da0000)]
  0x000000001c5c9000 JavaThread "jar transforms Thread 74" [_thread_blocked, id=1672, stack(0x0000000029ba0000,0x0000000029ca0000)]
  0x000000001c5ca000 JavaThread "jar transforms Thread 73" [_thread_blocked, id=18188, stack(0x0000000029aa0000,0x0000000029ba0000)]
  0x000000001c5c7000 JavaThread "jar transforms Thread 72" [_thread_blocked, id=5416, stack(0x00000000299a0000,0x0000000029aa0000)]
  0x00000000227d8000 JavaThread "jar transforms Thread 71" [_thread_blocked, id=14408, stack(0x00000000298a0000,0x00000000299a0000)]
  0x00000000227d7800 JavaThread "jar transforms Thread 70" [_thread_blocked, id=18596, stack(0x00000000297a0000,0x00000000298a0000)]
  0x00000000227d6800 JavaThread "jar transforms Thread 69" [_thread_blocked, id=15788, stack(0x00000000296a0000,0x00000000297a0000)]
  0x00000000227d6000 JavaThread "jar transforms Thread 68" [_thread_blocked, id=18396, stack(0x00000000295a0000,0x00000000296a0000)]
  0x00000000227d5000 JavaThread "jar transforms Thread 67" [_thread_blocked, id=14364, stack(0x00000000294a0000,0x00000000295a0000)]
  0x00000000227d9000 JavaThread "jar transforms Thread 66" [_thread_blocked, id=9336, stack(0x00000000293a0000,0x00000000294a0000)]
  0x00000000227db000 JavaThread "jar transforms Thread 65" [_thread_blocked, id=19880, stack(0x00000000292a0000,0x00000000293a0000)]
  0x00000000227d9800 JavaThread "jar transforms Thread 64" [_thread_blocked, id=8892, stack(0x00000000291a0000,0x00000000292a0000)]
  0x00000000227da800 JavaThread "jar transforms Thread 63" [_thread_blocked, id=11548, stack(0x00000000290a0000,0x00000000291a0000)]
  0x00000000227d3000 JavaThread "jar transforms Thread 62" [_thread_blocked, id=18852, stack(0x0000000028fa0000,0x00000000290a0000)]
  0x00000000227d4800 JavaThread "jar transforms Thread 61" [_thread_blocked, id=12204, stack(0x0000000028ea0000,0x0000000028fa0000)]
  0x00000000227d1800 JavaThread "jar transforms Thread 60" [_thread_blocked, id=20120, stack(0x0000000028da0000,0x0000000028ea0000)]
  0x00000000227cd800 JavaThread "jar transforms Thread 59" [_thread_blocked, id=11848, stack(0x0000000028ca0000,0x0000000028da0000)]
  0x00000000227d3800 JavaThread "jar transforms Thread 58" [_thread_blocked, id=19364, stack(0x0000000028ba0000,0x0000000028ca0000)]
  0x00000000227d0000 JavaThread "jar transforms Thread 57" [_thread_blocked, id=18560, stack(0x0000000028aa0000,0x0000000028ba0000)]
  0x00000000227cd000 JavaThread "jar transforms Thread 56" [_thread_blocked, id=15484, stack(0x00000000289a0000,0x0000000028aa0000)]
  0x00000000227cc000 JavaThread "jar transforms Thread 55" [_thread_blocked, id=15668, stack(0x00000000288a0000,0x00000000289a0000)]
  0x00000000227ce800 JavaThread "jar transforms Thread 54" [_thread_blocked, id=9652, stack(0x00000000287a0000,0x00000000288a0000)]
  0x00000000227d0800 JavaThread "jar transforms Thread 53" [_thread_blocked, id=9868, stack(0x00000000286a0000,0x00000000287a0000)]
  0x00000000227d2000 JavaThread "jar transforms Thread 52" [_thread_blocked, id=19436, stack(0x00000000285a0000,0x00000000286a0000)]
  0x00000000227cf000 JavaThread "jar transforms Thread 51" [_thread_blocked, id=15428, stack(0x00000000284a0000,0x00000000285a0000)]
  0x000000001fdfd000 JavaThread "jar transforms Thread 50" [_thread_blocked, id=16796, stack(0x00000000283a0000,0x00000000284a0000)]
  0x000000001fdf7000 JavaThread "jar transforms Thread 49" [_thread_blocked, id=7424, stack(0x00000000282a0000,0x00000000283a0000)]
  0x000000001fdf5800 JavaThread "jar transforms Thread 48" [_thread_blocked, id=8468, stack(0x00000000281a0000,0x00000000282a0000)]
  0x000000001fdf8800 JavaThread "jar transforms Thread 47" [_thread_blocked, id=9184, stack(0x00000000280a0000,0x00000000281a0000)]
  0x000000001fdf8000 JavaThread "jar transforms Thread 46" [_thread_blocked, id=16768, stack(0x0000000027fa0000,0x00000000280a0000)]
  0x000000001fdfb000 JavaThread "jar transforms Thread 45" [_thread_blocked, id=20196, stack(0x0000000027ea0000,0x0000000027fa0000)]
  0x000000001fdfa000 JavaThread "jar transforms Thread 44" [_thread_blocked, id=17420, stack(0x0000000027da0000,0x0000000027ea0000)]
  0x000000001fdf6800 JavaThread "jar transforms Thread 43" [_thread_blocked, id=9764, stack(0x0000000027ca0000,0x0000000027da0000)]
  0x000000001fdfb800 JavaThread "jar transforms Thread 42" [_thread_blocked, id=4008, stack(0x0000000027ba0000,0x0000000027ca0000)]
  0x000000001fdfc800 JavaThread "jar transforms Thread 41" [_thread_blocked, id=17960, stack(0x0000000027aa0000,0x0000000027ba0000)]
  0x000000001fdf9800 JavaThread "jar transforms Thread 40" [_thread_blocked, id=15612, stack(0x00000000279a0000,0x0000000027aa0000)]
  0x000000001fdee000 JavaThread "jar transforms Thread 39" [_thread_blocked, id=20256, stack(0x00000000278a0000,0x00000000279a0000)]
  0x000000001fdf5000 JavaThread "jar transforms Thread 38" [_thread_blocked, id=15820, stack(0x00000000277a0000,0x00000000278a0000)]
  0x000000001fdf4000 JavaThread "jar transforms Thread 37" [_thread_blocked, id=2732, stack(0x00000000276a0000,0x00000000277a0000)]
  0x000000001fdf2800 JavaThread "jar transforms Thread 36" [_thread_blocked, id=19548, stack(0x00000000275a0000,0x00000000276a0000)]
  0x000000001fdef800 JavaThread "jar transforms Thread 35" [_thread_blocked, id=18924, stack(0x00000000274a0000,0x00000000275a0000)]
  0x000000001fdf3800 JavaThread "jar transforms Thread 34" [_thread_blocked, id=2112, stack(0x00000000273a0000,0x00000000274a0000)]
  0x000000001fdf2000 JavaThread "jar transforms Thread 33" [_thread_blocked, id=2932, stack(0x00000000272a0000,0x00000000273a0000)]
  0x000000001fdf1000 JavaThread "jar transforms Thread 32" [_thread_blocked, id=13868, stack(0x00000000271a0000,0x00000000272a0000)]
  0x000000001fdf0800 JavaThread "jar transforms Thread 31" [_thread_blocked, id=3372, stack(0x00000000270a0000,0x00000000271a0000)]
  0x000000001fdef000 JavaThread "jar transforms Thread 30" [_thread_blocked, id=15008, stack(0x0000000026fa0000,0x00000000270a0000)]
  0x000000001f656000 JavaThread "jar transforms Thread 29" [_thread_blocked, id=7536, stack(0x0000000026ea0000,0x0000000026fa0000)]
  0x000000001f656800 JavaThread "jar transforms Thread 28" [_thread_blocked, id=6672, stack(0x0000000026da0000,0x0000000026ea0000)]
  0x000000001f658000 JavaThread "jar transforms Thread 27" [_thread_blocked, id=16424, stack(0x0000000026ca0000,0x0000000026da0000)]
  0x000000001f654800 JavaThread "jar transforms Thread 26" [_thread_blocked, id=9948, stack(0x0000000026ba0000,0x0000000026ca0000)]
  0x000000001f65b000 JavaThread "jar transforms Thread 25" [_thread_blocked, id=14276, stack(0x0000000026aa0000,0x0000000026ba0000)]
  0x000000001f653800 JavaThread "jar transforms Thread 24" [_thread_blocked, id=12508, stack(0x00000000269a0000,0x0000000026aa0000)]
  0x000000001f65a800 JavaThread "jar transforms Thread 23" [_thread_blocked, id=7884, stack(0x00000000268a0000,0x00000000269a0000)]
  0x000000001f659800 JavaThread "jar transforms Thread 22" [_thread_blocked, id=12096, stack(0x00000000267a0000,0x00000000268a0000)]
  0x000000001f655000 JavaThread "jar transforms Thread 21" [_thread_blocked, id=15648, stack(0x00000000266a0000,0x00000000267a0000)]
  0x000000001f657800 JavaThread "jar transforms Thread 20" [_thread_blocked, id=17036, stack(0x00000000265a0000,0x00000000266a0000)]
  0x000000001f659000 JavaThread "jar transforms Thread 19" [_thread_blocked, id=14508, stack(0x00000000264a0000,0x00000000265a0000)]
  0x000000001f64f000 JavaThread "jar transforms Thread 18" [_thread_blocked, id=7792, stack(0x00000000263a0000,0x00000000264a0000)]
  0x000000001f64c000 JavaThread "jar transforms Thread 17" [_thread_blocked, id=12376, stack(0x00000000262a0000,0x00000000263a0000)]
  0x000000001f653000 JavaThread "jar transforms Thread 16" [_thread_blocked, id=19708, stack(0x00000000261a0000,0x00000000262a0000)]
  0x000000001f64d800 JavaThread "jar transforms Thread 15" [_thread_blocked, id=14328, stack(0x00000000260a0000,0x00000000261a0000)]
  0x000000001f652000 JavaThread "jar transforms Thread 14" [_thread_blocked, id=19992, stack(0x0000000025fa0000,0x00000000260a0000)]
  0x000000001f650800 JavaThread "jar transforms Thread 13" [_thread_blocked, id=12704, stack(0x0000000025ea0000,0x0000000025fa0000)]
  0x000000001f650000 JavaThread "jar transforms Thread 12" [_thread_blocked, id=7228, stack(0x0000000025da0000,0x0000000025ea0000)]
  0x000000001f64d000 JavaThread "jar transforms Thread 11" [_thread_blocked, id=10332, stack(0x0000000025ca0000,0x0000000025da0000)]
  0x000000001f64e800 JavaThread "jar transforms Thread 10" [_thread_blocked, id=15880, stack(0x0000000025ba0000,0x0000000025ca0000)]
  0x000000001f651800 JavaThread "jar transforms Thread 9" [_thread_blocked, id=12988, stack(0x0000000025aa0000,0x0000000025ba0000)]
  0x000000001c0e3800 JavaThread "jar transforms Thread 8" [_thread_blocked, id=17108, stack(0x00000000259a0000,0x0000000025aa0000)]
  0x000000001c0ea800 JavaThread "jar transforms Thread 7" [_thread_blocked, id=9304, stack(0x00000000258a0000,0x00000000259a0000)]
  0x000000001c0e9000 JavaThread "Build operations Thread 8" [_thread_blocked, id=11404, stack(0x00000000257a0000,0x00000000258a0000)]
  0x000000001c0e6000 JavaThread "Build operations Thread 7" [_thread_blocked, id=14976, stack(0x00000000256a0000,0x00000000257a0000)]
  0x000000001c0e8000 JavaThread "Build operations Thread 6" [_thread_blocked, id=18060, stack(0x00000000255a0000,0x00000000256a0000)]
  0x000000001c0e9800 JavaThread "Build operations Thread 5" [_thread_blocked, id=8648, stack(0x00000000254a0000,0x00000000255a0000)]
  0x000000001c0e5000 JavaThread "Build operations Thread 4" [_thread_blocked, id=16740, stack(0x00000000253a0000,0x00000000254a0000)]
  0x000000001c0e4800 JavaThread "Build operations Thread 3" [_thread_blocked, id=18240, stack(0x00000000251a0000,0x00000000252a0000)]
  0x000000001c0e7800 JavaThread "Build operations Thread 2" [_thread_blocked, id=16244, stack(0x0000000022ac0000,0x0000000022bc0000)]
  0x000000001c0e6800 JavaThread "Build operations" [_thread_blocked, id=4736, stack(0x00000000217e0000,0x00000000218e0000)]
  0x000000001c0e1800 JavaThread "Cache worker for file content cache (C:\Users\wwm\.gradle\caches\6.5\fileContent)" [_thread_blocked, id=19684, stack(0x00000000216e0000,0x00000000217e0000)]
  0x000000001c0df000 JavaThread "Cache worker for execution history cache (C:\Users\wwm\.gradle\caches\6.5\executionHistory)" [_thread_blocked, id=18348, stack(0x00000000211e0000,0x00000000212e0000)]
  0x000000001c0e2000 JavaThread "Cache worker for cache directory md-rule (C:\Users\wwm\.gradle\caches\6.5\md-rule)" [_thread_blocked, id=13064, stack(0x0000000020ee0000,0x0000000020fe0000)]
  0x000000001c0dd800 JavaThread "Cache worker for cache directory md-supplier (C:\Users\wwm\.gradle\caches\6.5\md-supplier)" [_thread_blocked, id=16868, stack(0x0000000020de0000,0x0000000020ee0000)]
  0x000000001c061000 JavaThread "Cache worker for checksums cache (D:\appapk\MyApplication2\.gradle\checksums)" [_thread_blocked, id=5608, stack(0x0000000020ce0000,0x0000000020de0000)]
  0x000000001c060000 JavaThread "jar transforms Thread 6" [_thread_blocked, id=14144, stack(0x00000000209e0000,0x0000000020ae0000)]
  0x000000001c05f800 JavaThread "jar transforms Thread 5" [_thread_blocked, id=16564, stack(0x00000000208e0000,0x00000000209e0000)]
  0x000000001c05e800 JavaThread "jar transforms Thread 4" [_thread_blocked, id=15764, stack(0x00000000207e0000,0x00000000208e0000)]
  0x000000001c064800 JavaThread "jar transforms Thread 3" [_thread_blocked, id=19472, stack(0x00000000206e0000,0x00000000207e0000)]
  0x000000001c05e000 JavaThread "jar transforms Thread 2" [_thread_blocked, id=19232, stack(0x00000000205e0000,0x00000000206e0000)]
  0x000000001c064000 JavaThread "jar transforms" [_thread_blocked, id=10704, stack(0x00000000204e0000,0x00000000205e0000)]
  0x000000001c063000 JavaThread "Cache worker for file hash cache (D:\appapk\MyApplication2\.gradle\6.5\fileHashes)" [_thread_blocked, id=17000, stack(0x00000000203e0000,0x00000000204e0000)]
  0x000000001c062800 JavaThread "Cache worker for file hash cache (C:\Users\wwm\.gradle\caches\6.5\fileHashes)" [_thread_blocked, id=7604, stack(0x000000001ef10000,0x000000001f010000)]
  0x000000001c061800 JavaThread "File lock request listener" [_thread_in_native, id=13948, stack(0x000000001ee10000,0x000000001ef10000)]
  0x000000001b761000 JavaThread "Cache worker for journal cache (C:\Users\wwm\.gradle\caches\journal-1)" [_thread_blocked, id=17060, stack(0x000000001ed10000,0x000000001ee10000)]
  0x000000001cc35800 JavaThread "Thread-9" [_thread_blocked, id=13952, stack(0x000000001ea10000,0x000000001eb10000)]
  0x000000001cc34000 JavaThread "Stdin handler" [_thread_blocked, id=7132, stack(0x000000001e910000,0x000000001ea10000)]
  0x000000001cb91800 JavaThread "Asynchronous log dispatcher for DefaultDaemonConnection: socket connection from /127.0.0.1:9409 to /127.0.0.1:9410" [_thread_blocked, id=18696, stack(0x000000001e810000,0x000000001e910000)]
  0x000000001cb8d000 JavaThread "Daemon worker" [_thread_in_vm, id=17144, stack(0x000000001e710000,0x000000001e810000)]
  0x000000001cc3a000 JavaThread "Cancel handler" [_thread_blocked, id=8828, stack(0x000000001e610000,0x000000001e710000)]
  0x000000001cb6b000 JavaThread "Handler for socket connection from /127.0.0.1:9409 to /127.0.0.1:9410" [_thread_in_native, id=13792, stack(0x000000001e510000,0x000000001e610000)]
  0x000000001cb66000 JavaThread "Daemon" [_thread_blocked, id=14932, stack(0x000000001e410000,0x000000001e510000)]
  0x000000001cb3f000 JavaThread "Daemon periodic checks" [_thread_blocked, id=3828, stack(0x000000001e110000,0x000000001e210000)]
  0x000000001cb3e000 JavaThread "Incoming local TCP Connector on port 9409" [_thread_in_native, id=14396, stack(0x000000001df60000,0x000000001e060000)]
  0x000000001c918800 JavaThread "Daemon health stats" [_thread_blocked, id=18920, stack(0x000000001dc40000,0x000000001dd40000)]
  0x000000001a58c000 JavaThread "Service Thread" daemon [_thread_blocked, id=12792, stack(0x000000001b0a0000,0x000000001b1a0000)]
  0x000000001a558000 JavaThread "C1 CompilerThread3" daemon [_thread_blocked, id=17400, stack(0x000000001afa0000,0x000000001b0a0000)]
  0x00000000186ad800 JavaThread "C2 CompilerThread2" daemon [_thread_in_native, id=10092, stack(0x000000001aea0000,0x000000001afa0000)]
  0x000000001a4dc800 JavaThread "C2 CompilerThread1" daemon [_thread_in_native, id=16372, stack(0x000000001ada0000,0x000000001aea0000)]
=>0x000000001a4d6000 JavaThread "C2 CompilerThread0" daemon [_thread_in_native, id=7608, stack(0x000000001aca0000,0x000000001ada0000)]
  0x000000001a4d4000 JavaThread "Attach Listener" daemon [_thread_blocked, id=1936, stack(0x000000001aba0000,0x000000001aca0000)]
  0x000000001a538800 JavaThread "Signal Dispatcher" daemon [_thread_blocked, id=10304, stack(0x000000001aaa0000,0x000000001aba0000)]
  0x000000000362b800 JavaThread "Finalizer" daemon [_thread_blocked, id=8992, stack(0x000000001a9a0000,0x000000001aaa0000)]
  0x000000001a4c0800 JavaThread "Reference Handler" daemon [_thread_blocked, id=14552, stack(0x000000001a8a0000,0x000000001a9a0000)]
  0x000000000147e000 JavaThread "main" [_thread_blocked, id=19700, stack(0x0000000003050000,0x0000000003150000)]

Other Threads:
  0x0000000018699000 VMThread [stack: 0x000000001a3a0000,0x000000001a4a0000] [id=17184]
  0x000000001a58d800 WatcherThread [stack: 0x000000001b1a0000,0x000000001b2a0000] [id=14716]

VM state:not at safepoint (normal execution)

VM Mutex/Monitor currently owned by a thread: None

heap address: 0x0000000080000000, size: 2048 MB, Compressed Oops mode: 32-bit
Narrow klass base: 0x0000000000000000, Narrow klass shift: 3
Compressed class space size: 1073741824 Address: 0x0000000100000000

Heap:
 PSYoungGen      total 88064K, used 27077K [0x00000000d5580000, 0x00000000dbc00000, 0x0000000100000000)
  eden space 77824K, 21% used [0x00000000d5580000,0x00000000d65f2c90,0x00000000da180000)
  from space 10240K, 99% used [0x00000000da800000,0x00000000db1feb08,0x00000000db200000)
  to   space 5120K, 0% used [0x00000000db700000,0x00000000db700000,0x00000000dbc00000)
 ParOldGen       total 50688K, used 18179K [0x0000000080000000, 0x0000000083180000, 0x00000000d5580000)
  object space 50688K, 35% used [0x0000000080000000,0x00000000811c0fa0,0x0000000083180000)
 Metaspace       used 46868K, capacity 48878K, committed 49064K, reserved 1091584K
  class space    used 6320K, capacity 6758K, committed 6824K, reserved 1048576K

Card table byte_map: [0x00000000129f0000,0x0000000012e00000] byte_map_base: 0x00000000125f0000

Marking Bits: (ParMarkBitMap*) 0x000000005c25f030
 Begin Bits: [0x00000000138b0000, 0x00000000158b0000)
 End Bits:   [0x00000000158b0000, 0x00000000178b0000)

Polling page: 0x0000000001450000

CodeCache: size=245760Kb used=14000Kb max_used=14000Kb free=231759Kb
 bounds [0x0000000003630000, 0x00000000043f0000, 0x0000000012630000]
 total_blobs=4803 nmethods=4052 adapters=664
 compilation: enabled

Compilation events (10 events):
Event: 10.320 Thread 0x000000001a558000 4485       3       org.objectweb.asm.SymbolTable::addConstantUtf8 (98 bytes)
Event: 10.320 Thread 0x000000001a4dc800 4486       4       org.objectweb.asm.Frame::getAbstractTypeFromDescriptor (415 bytes)
Event: 10.321 Thread 0x000000001a558000 nmethod 4485 0x00000000043e1f50 code [0x00000000043e2140, 0x00000000043e28f8]
Event: 10.321 Thread 0x00000000186ad800 4488       4       org.objectweb.asm.SymbolTable::addConstantMemberReference (147 bytes)
Event: 10.321 Thread 0x000000001a558000 4487       3       org.gradle.internal.instantiation.generator.AsmBackedClassGenerator$ClassBuilderImpl::applyConventionMappingToProperty (35 bytes)
Event: 10.321 Thread 0x000000001a558000 nmethod 4487 0x00000000043e2d10 code [0x00000000043e2f20, 0x00000000043e39f8]
Event: 10.322 Thread 0x000000001a558000 4489       3       org.gradle.internal.instantiation.generator.AsmBackedClassGenerator$ClassBuilderImpl::maybeBox (49 bytes)
Event: 10.322 Thread 0x000000001a558000 nmethod 4489 0x00000000043e3ed0 code [0x00000000043e40a0, 0x00000000043e47d8]
Event: 10.322 Thread 0x000000001a558000 4490       3       org.gradle.model.internal.asm.AsmClassGeneratorUtils::unboxOrCast (332 bytes)
Event: 10.324 Thread 0x000000001a558000 nmethod 4490 0x00000000043e4ad0 code [0x00000000043e4f40, 0x00000000043e7cf8]

GC Heap History (10 events):
Event: 7.303 GC heap before
{Heap before GC invocations=11 (full 1):
 PSYoungGen      total 57856K, used 56347K [0x00000000d5580000, 0x00000000da700000, 0x0000000100000000)
  eden space 48640K, 100% used [0x00000000d5580000,0x00000000d8500000,0x00000000d8500000)
  from space 9216K, 83% used [0x00000000d8500000,0x00000000d8c86e18,0x00000000d8e00000)
  to   space 9728K, 0% used [0x00000000d9d80000,0x00000000d9d80000,0x00000000da700000)
 ParOldGen       total 50688K, used 8673K [0x0000000080000000, 0x0000000083180000, 0x00000000d5580000)
  object space 50688K, 17% used [0x0000000080000000,0x0000000080878538,0x0000000083180000)
 Metaspace       used 32271K, capacity 33474K, committed 33664K, reserved 1079296K
  class space    used 4370K, capacity 4681K, committed 4736K, reserved 1048576K
Event: 7.313 GC heap after
Heap after GC invocations=11 (full 1):
 PSYoungGen      total 72704K, used 8329K [0x00000000d5580000, 0x00000000dad00000, 0x0000000100000000)
  eden space 62976K, 0% used [0x00000000d5580000,0x00000000d5580000,0x00000000d9300000)
  from space 9728K, 85% used [0x00000000d9d80000,0x00000000da5a2690,0x00000000da700000)
  to   space 10752K, 0% used [0x00000000d9300000,0x00000000d9300000,0x00000000d9d80000)
 ParOldGen       total 50688K, used 9356K [0x0000000080000000, 0x0000000083180000, 0x00000000d5580000)
  object space 50688K, 18% used [0x0000000080000000,0x0000000080923288,0x0000000083180000)
 Metaspace       used 32271K, capacity 33474K, committed 33664K, reserved 1079296K
  class space    used 4370K, capacity 4681K, committed 4736K, reserved 1048576K
}
Event: 7.843 GC heap before
{Heap before GC invocations=12 (full 1):
 PSYoungGen      total 72704K, used 51428K [0x00000000d5580000, 0x00000000dad00000, 0x0000000100000000)
  eden space 62976K, 68% used [0x00000000d5580000,0x00000000d7f96d58,0x00000000d9300000)
  from space 9728K, 85% used [0x00000000d9d80000,0x00000000da5a2690,0x00000000da700000)
  to   space 10752K, 0% used [0x00000000d9300000,0x00000000d9300000,0x00000000d9d80000)
 ParOldGen       total 50688K, used 9356K [0x0000000080000000, 0x0000000083180000, 0x00000000d5580000)
  object space 50688K, 18% used [0x0000000080000000,0x0000000080923288,0x0000000083180000)
 Metaspace       used 34190K, capacity 35454K, committed 35496K, reserved 1079296K
  class space    used 4687K, capacity 5004K, committed 5032K, reserved 1048576K
Event: 7.852 GC heap after
Heap after GC invocations=12 (full 1):
 PSYoungGen      total 73728K, used 3547K [0x00000000d5580000, 0x00000000dc180000, 0x0000000100000000)
  eden space 62976K, 0% used [0x00000000d5580000,0x00000000d5580000,0x00000000d9300000)
  from space 10752K, 32% used [0x00000000d9300000,0x00000000d9676f00,0x00000000d9d80000)
  to   space 10752K, 0% used [0x00000000db700000,0x00000000db700000,0x00000000dc180000)
 ParOldGen       total 50688K, used 15501K [0x0000000080000000, 0x0000000083180000, 0x00000000d5580000)
  object space 50688K, 30% used [0x0000000080000000,0x0000000080f235c0,0x0000000083180000)
 Metaspace       used 34190K, capacity 35454K, committed 35496K, reserved 1079296K
  class space    used 4687K, capacity 5004K, committed 5032K, reserved 1048576K
}
Event: 7.852 GC heap before
{Heap before GC invocations=13 (full 2):
 PSYoungGen      total 73728K, used 3547K [0x00000000d5580000, 0x00000000dc180000, 0x0000000100000000)
  eden space 62976K, 0% used [0x00000000d5580000,0x00000000d5580000,0x00000000d9300000)
  from space 10752K, 32% used [0x00000000d9300000,0x00000000d9676f00,0x00000000d9d80000)
  to   space 10752K, 0% used [0x00000000db700000,0x00000000db700000,0x00000000dc180000)
 ParOldGen       total 50688K, used 15501K [0x0000000080000000, 0x0000000083180000, 0x00000000d5580000)
  object space 50688K, 30% used [0x0000000080000000,0x0000000080f235c0,0x0000000083180000)
 Metaspace       used 34190K, capacity 35454K, committed 35496K, reserved 1079296K
  class space    used 4687K, capacity 5004K, committed 5032K, reserved 1048576K
Event: 7.921 GC heap after
Heap after GC invocations=13 (full 2):
 PSYoungGen      total 73728K, used 0K [0x00000000d5580000, 0x00000000dc180000, 0x0000000100000000)
  eden space 62976K, 0% used [0x00000000d5580000,0x00000000d5580000,0x00000000d9300000)
  from space 10752K, 0% used [0x00000000d9300000,0x00000000d9300000,0x00000000d9d80000)
  to   space 10752K, 0% used [0x00000000db700000,0x00000000db700000,0x00000000dc180000)
 ParOldGen       total 50688K, used 16939K [0x0000000080000000, 0x0000000083180000, 0x00000000d5580000)
  object space 50688K, 33% used [0x0000000080000000,0x000000008108aed8,0x0000000083180000)
 Metaspace       used 34190K, capacity 35454K, committed 35496K, reserved 1079296K
  class space    used 4687K, capacity 5004K, committed 5032K, reserved 1048576K
}
Event: 8.872 GC heap before
{Heap before GC invocations=14 (full 2):
 PSYoungGen      total 73728K, used 62976K [0x00000000d5580000, 0x00000000dc180000, 0x0000000100000000)
  eden space 62976K, 100% used [0x00000000d5580000,0x00000000d9300000,0x00000000d9300000)
  from space 10752K, 0% used [0x00000000d9300000,0x00000000d9300000,0x00000000d9d80000)
  to   space 10752K, 0% used [0x00000000db700000,0x00000000db700000,0x00000000dc180000)
 ParOldGen       total 50688K, used 16939K [0x0000000080000000, 0x0000000083180000, 0x00000000d5580000)
  object space 50688K, 33% used [0x0000000080000000,0x000000008108aed8,0x0000000083180000)
 Metaspace       used 38519K, capacity 40272K, committed 40488K, reserved 1083392K
  class space    used 5237K, capacity 5621K, committed 5672K, reserved 1048576K
Event: 8.878 GC heap after
Heap after GC invocations=14 (full 2):
 PSYoungGen      total 82944K, used 5081K [0x00000000d5580000, 0x00000000dbc00000, 0x0000000100000000)
  eden space 77824K, 0% used [0x00000000d5580000,0x00000000d5580000,0x00000000da180000)
  from space 5120K, 99% used [0x00000000db700000,0x00000000dbbf6510,0x00000000dbc00000)
  to   space 10240K, 0% used [0x00000000da800000,0x00000000da800000,0x00000000db200000)
 ParOldGen       total 50688K, used 17011K [0x0000000080000000, 0x0000000083180000, 0x00000000d5580000)
  object space 50688K, 33% used [0x0000000080000000,0x000000008109cee8,0x0000000083180000)
 Metaspace       used 38519K, capacity 40272K, committed 40488K, reserved 1083392K
  class space    used 5237K, capacity 5621K, committed 5672K, reserved 1048576K
}
Event: 10.147 GC heap before
{Heap before GC invocations=15 (full 2):
 PSYoungGen      total 82944K, used 82905K [0x00000000d5580000, 0x00000000dbc00000, 0x0000000100000000)
  eden space 77824K, 100% used [0x00000000d5580000,0x00000000da180000,0x00000000da180000)
  from space 5120K, 99% used [0x00000000db700000,0x00000000dbbf6510,0x00000000dbc00000)
  to   space 10240K, 0% used [0x00000000da800000,0x00000000da800000,0x00000000db200000)
 ParOldGen       total 50688K, used 17011K [0x0000000080000000, 0x0000000083180000, 0x00000000d5580000)
  object space 50688K, 33% used [0x0000000080000000,0x000000008109cee8,0x0000000083180000)
 Metaspace       used 46187K, capacity 48238K, committed 48424K, reserved 1091584K
  class space    used 6225K, capacity 6694K, committed 6696K, reserved 1048576K
Event: 10.160 GC heap after
Heap after GC invocations=15 (full 2):
 PSYoungGen      total 88064K, used 10234K [0x00000000d5580000, 0x00000000dbc00000, 0x0000000100000000)
  eden space 77824K, 0% used [0x00000000d5580000,0x00000000d5580000,0x00000000da180000)
  from space 10240K, 99% used [0x00000000da800000,0x00000000db1feb08,0x00000000db200000)
  to   space 5120K, 0% used [0x00000000db700000,0x00000000db700000,0x00000000dbc00000)
 ParOldGen       total 50688K, used 18179K [0x0000000080000000, 0x0000000083180000, 0x00000000d5580000)
  object space 50688K, 35% used [0x0000000080000000,0x00000000811c0fa0,0x0000000083180000)
 Metaspace       used 46187K, capacity 48238K, committed 48424K, reserved 1091584K
  class space    used 6225K, capacity 6694K, committed 6696K, reserved 1048576K
}

Deoptimization events (10 events):
Event: 10.119 Thread 0x000000001cb8d000 Uncommon trap: reason=unstable_if action=reinterpret pc=0x00000000041e66b0 method=java.lang.ThreadLocal.get()Ljava/lang/Object; @ 11
Event: 10.189 Thread 0x000000001cb8d000 Uncommon trap: reason=unstable_if action=reinterpret pc=0x0000000003ae2fbc method=java.lang.CharacterDataLatin1.isWhitespace(I)Z @ 14
Event: 10.232 Thread 0x000000001cb8d000 Uncommon trap: reason=unstable_if action=reinterpret pc=0x0000000003b5fa30 method=java.util.jar.JarFile.maybeInstantiateVerifier()V @ 4
Event: 10.234 Thread 0x000000001cb8d000 Uncommon trap: reason=unstable_if action=reinterpret pc=0x0000000003a13e30 method=java.util.jar.JarFile.maybeInstantiateVerifier()V @ 4
Event: 10.234 Thread 0x000000001cb8d000 Uncommon trap: reason=unstable_if action=reinterpret pc=0x0000000003751030 method=java.security.CodeSource.<init>(Ljava/net/URL;[Ljava/security/CodeSigner;)V @ 25
Event: 10.239 Thread 0x000000001cb8d000 Uncommon trap: reason=unstable_if action=reinterpret pc=0x0000000003c2282c method=java.security.CodeSource.getCertificates()[Ljava/security/cert/Certificate; @ 22
Event: 10.239 Thread 0x000000001cb8d000 Uncommon trap: reason=unstable_if action=reinterpret pc=0x000000000408b5bc method=java.util.jar.JarFile.maybeInstantiateVerifier()V @ 4
Event: 10.239 Thread 0x000000001cb8d000 Uncommon trap: reason=unstable_if action=reinterpret pc=0x000000000435807c method=java.security.CodeSource.matchCerts(Ljava/security/CodeSource;Z)Z @ 11
Event: 10.258 Thread 0x000000001cb8d000 Uncommon trap: reason=unstable_if action=reinterpret pc=0x0000000004027cb0 method=java.util.LinkedHashMap.get(Ljava/lang/Object;)Ljava/lang/Object; @ 20
Event: 10.319 Thread 0x000000001cb8d000 Uncommon trap: reason=unstable_if action=reinterpret pc=0x000000000396f99c method=org.objectweb.asm.ByteVector.putUTF8(Ljava/lang/String;)Lorg/objectweb/asm/ByteVector; @ 93

Classes redefined (0 events):
No events

Internal exceptions (10 events):
Event: 9.286 Thread 0x000000001cb8d000 Exception <a 'java/lang/ClassNotFoundException': build_2nbtqgia7jackzrjd9px0porwBeanInfo> (0x00000000d6fd58a0) thrown at [C:\src\AOSP-openjdk-git\hotspot\src\share\vm\classfile\systemDictionary.cpp, line 210]
Event: 9.287 Thread 0x000000001cb8d000 Exception <a 'java/lang/ClassNotFoundException': build_2nbtqgia7jackzrjd9px0porwCustomizer> (0x00000000d6fe14e0) thrown at [C:\src\AOSP-openjdk-git\hotspot\src\share\vm\classfile\systemDictionary.cpp, line 210]
Event: 9.294 Thread 0x000000001cb8d000 Exception <a 'java/lang/ClassNotFoundException': org/gradle/plugin/use/internal/PluginRequestCollector$PluginDependenciesSpecImplBeanInfo> (0x00000000d7081188) thrown at [C:\src\AOSP-openjdk-git\hotspot\src\share\vm\classfile\systemDictionary.cpp, line 21
Event: 9.294 Thread 0x000000001cb8d000 Exception <a 'java/lang/ClassNotFoundException': org/gradle/plugin/use/internal/PluginRequestCollector$PluginDependenciesSpecImplCustomizer> (0x00000000d70c95a0) thrown at [C:\src\AOSP-openjdk-git\hotspot\src\share\vm\classfile\systemDictionary.cpp, line 
Event: 9.462 Thread 0x000000001cb8d000 Implicit null exception at 0x00000000037acac2 to 0x00000000037acc05
Event: 9.555 Thread 0x000000001cb8d000 Implicit null exception at 0x00000000038dbd71 to 0x00000000038dcdd9
Event: 9.555 Thread 0x000000001cb8d000 Implicit null exception at 0x00000000037c3655 to 0x00000000037c3939
Event: 9.661 Thread 0x000000001cb8d000 Exception <a 'sun/nio/fs/WindowsException'> (0x00000000d831b3a8) thrown at [C:\src\AOSP-openjdk-git\hotspot\src\share\vm\prims\jni.cpp, line 710]
Event: 9.892 Thread 0x000000001cb8d000 Exception <a 'sun/nio/fs/WindowsException'> (0x00000000d9128188) thrown at [C:\src\AOSP-openjdk-git\hotspot\src\share\vm\prims\jni.cpp, line 710]
Event: 10.119 Thread 0x000000001cb8d000 Implicit null exception at 0x00000000041e6148 to 0x00000000041e6699

Events (10 events):
Event: 10.324 loading class org/gradle/api/Describable
Event: 10.324 loading class org/gradle/api/Describable done
Event: 10.324 loading class org/gradle/internal/metaobject/AbstractDynamicObject
Event: 10.324 loading class org/gradle/internal/metaobject/AbstractDynamicObject done
Event: 10.324 loading class org/gradle/internal/instantiation/generator/MixInExtensibleDynamicObject
Event: 10.324 loading class org/gradle/internal/instantiation/generator/MixInExtensibleDynamicObject done
Event: 10.324 loading class org/gradle/internal/metaobject/DynamicObject
Event: 10.324 loading class org/gradle/internal/metaobject/DynamicObject done
Event: 10.324 loading class org/gradle/api/internal/ConventionMapping
Event: 10.324 loading class org/gradle/api/internal/ConventionMapping done


Dynamic libraries:
0x00007ff6023f0000 - 0x00007ff602421000 	D:\develop\androidstud\jre\bin\java.exe
0x00007ffccd220000 - 0x00007ffccd410000 	C:\WINDOWS\SYSTEM32\ntdll.dll
0x00007ffcccaf0000 - 0x00007ffcccba2000 	C:\WINDOWS\System32\KERNEL32.DLL
0x00007ffcca190000 - 0x00007ffcca435000 	C:\WINDOWS\System32\KERNELBASE.dll
0x00007ffccbfb0000 - 0x00007ffccc053000 	C:\WINDOWS\System32\ADVAPI32.dll
0x00007ffccc9a0000 - 0x00007ffccca3e000 	C:\WINDOWS\System32\msvcrt.dll
0x00007ffccb470000 - 0x00007ffccb507000 	C:\WINDOWS\System32\sechost.dll
0x00007ffccd060000 - 0x00007ffccd180000 	C:\WINDOWS\System32\RPCRT4.dll
0x00007ffccb580000 - 0x00007ffccb714000 	C:\WINDOWS\System32\USER32.dll
0x00007ffcca8c0000 - 0x00007ffcca8e1000 	C:\WINDOWS\System32\win32u.dll
0x00007ffcccac0000 - 0x00007ffcccae6000 	C:\WINDOWS\System32\GDI32.dll
0x00007ffccb0e0000 - 0x00007ffccb276000 	C:\WINDOWS\System32\gdi32full.dll
0x00007ffcca5e0000 - 0x00007ffcca67e000 	C:\WINDOWS\System32\msvcp_win.dll
0x00007ffcca710000 - 0x00007ffcca80a000 	C:\WINDOWS\System32\ucrtbase.dll
0x00007ffcbb9f0000 - 0x00007ffcbbc74000 	C:\WINDOWS\WinSxS\amd64_microsoft.windows.common-controls_6595b64144ccf1df_6.0.18362.1256_none_9e7e379be45e40e2\COMCTL32.dll
0x00007ffccb720000 - 0x00007ffccba56000 	C:\WINDOWS\System32\combase.dll
0x00007ffcca680000 - 0x00007ffcca701000 	C:\WINDOWS\System32\bcryptPrimitives.dll
0x00007ffccb330000 - 0x00007ffccb35e000 	C:\WINDOWS\System32\IMM32.DLL
0x000000005c790000 - 0x000000005c862000 	D:\develop\androidstud\jre\jre\bin\msvcr100.dll
0x000000005ba90000 - 0x000000005c2db000 	D:\develop\androidstud\jre\jre\bin\server\jvm.dll
0x00007ffccbb10000 - 0x00007ffccbb18000 	C:\WINDOWS\System32\PSAPI.DLL
0x00007ffcc31e0000 - 0x00007ffcc31e9000 	C:\WINDOWS\SYSTEM32\WSOCK32.dll
0x00007ffcc7be0000 - 0x00007ffcc7c04000 	C:\WINDOWS\SYSTEM32\WINMM.dll
0x00007ffcc1b20000 - 0x00007ffcc1b2a000 	C:\WINDOWS\SYSTEM32\VERSION.dll
0x00007ffccce40000 - 0x00007ffccceaf000 	C:\WINDOWS\System32\WS2_32.dll
0x00007ffcc7310000 - 0x00007ffcc733d000 	C:\WINDOWS\SYSTEM32\WINMMBASE.dll
0x00007ffcca590000 - 0x00007ffcca5da000 	C:\WINDOWS\System32\cfgmgr32.dll
0x00007ffcc6900000 - 0x00007ffcc690f000 	D:\develop\androidstud\jre\jre\bin\verify.dll
0x00007ffcc49f0000 - 0x00007ffcc4a19000 	D:\develop\androidstud\jre\jre\bin\java.dll
0x00007ffcc2e60000 - 0x00007ffcc2e76000 	D:\develop\androidstud\jre\jre\bin\zip.dll
0x00007ffccc060000 - 0x00007ffccc747000 	C:\WINDOWS\System32\SHELL32.dll
0x00007ffccb360000 - 0x00007ffccb409000 	C:\WINDOWS\System32\shcore.dll
0x00007ffcca8f0000 - 0x00007ffccb071000 	C:\WINDOWS\System32\windows.storage.dll
0x00007ffcca0f0000 - 0x00007ffcca113000 	C:\WINDOWS\System32\profapi.dll
0x00007ffcca120000 - 0x00007ffcca16a000 	C:\WINDOWS\System32\powrprof.dll
0x00007ffcca0c0000 - 0x00007ffcca0d0000 	C:\WINDOWS\System32\UMPDC.dll
0x00007ffccb2d0000 - 0x00007ffccb322000 	C:\WINDOWS\System32\shlwapi.dll
0x00007ffcca0d0000 - 0x00007ffcca0e1000 	C:\WINDOWS\System32\kernel.appcore.dll
0x00007ffccb280000 - 0x00007ffccb297000 	C:\WINDOWS\System32\cryptsp.dll
0x00007ffcc2e00000 - 0x00007ffcc2e1a000 	D:\develop\androidstud\jre\jre\bin\net.dll
0x00007ffcc98b0000 - 0x00007ffcc9917000 	C:\WINDOWS\system32\mswsock.dll
0x00007ffcc2550000 - 0x00007ffcc2563000 	D:\develop\androidstud\jre\jre\bin\nio.dll
0x00007ffcbf440000 - 0x00007ffcbf467000 	C:\Users\wwm\.gradle\native\f6784746aeab05261644944871eae4fe03e0ef1612fff0a4a95f87b438bc6780\windows-amd64\native-platform.dll
0x00007ffcc68f0000 - 0x00007ffcc68fd000 	D:\develop\androidstud\jre\jre\bin\management.dll
0x00007ffcc9420000 - 0x00007ffcc9453000 	C:\WINDOWS\system32\rsaenh.dll
0x00007ffccb2a0000 - 0x00007ffccb2c6000 	C:\WINDOWS\System32\bcrypt.dll
0x00007ffcc9fe0000 - 0x00007ffcca005000 	C:\WINDOWS\SYSTEM32\USERENV.dll
0x00007ffcc9a80000 - 0x00007ffcc9a8c000 	C:\WINDOWS\SYSTEM32\CRYPTBASE.dll
0x00007ffcc95c0000 - 0x00007ffcc95fa000 	C:\WINDOWS\SYSTEM32\IPHLPAPI.DLL
0x00007ffccc760000 - 0x00007ffccc768000 	C:\WINDOWS\System32\NSI.dll
0x00007ffcc1e20000 - 0x00007ffcc1e36000 	C:\WINDOWS\SYSTEM32\dhcpcsvc6.DLL
0x00007ffcc1e00000 - 0x00007ffcc1e1c000 	C:\WINDOWS\SYSTEM32\dhcpcsvc.DLL
0x00007ffcc9600000 - 0x00007ffcc96cb000 	C:\WINDOWS\SYSTEM32\DNSAPI.dll
0x00007ffcc1bd0000 - 0x00007ffcc1bdb000 	C:\WINDOWS\SYSTEM32\WINNSI.DLL

VM Arguments:
jvm_args: -Xmx2048m -Dfile.encoding=UTF-8 -Duser.country=CN -Duser.language=zh -Duser.variant 
java_command: org.gradle.launcher.daemon.bootstrap.GradleDaemon 6.5
java_class_path (initial): C:\Users\wwm\.gradle\wrapper\dists\gradle-6.5-all\2oz4ud9k3tuxjg84bbf55q0tn\gradle-6.5\lib\gradle-launcher-6.5.jar
Launcher Type: SUN_STANDARD

Environment Variables:
JAVA_HOME=D:\develop\Java\jdk1.8.0_102
PATH=C:\Program Files (x86)\Common Files\Oracle\Java\javapath;C:\ProgramData\Oracle\Java\javapath;C:\WINDOWS\system32;C:\WINDOWS;C:\WINDOWS\System32\Wbem;C:\WINDOWS\System32\WindowsPowerShell\v1.0\;C:\WINDOWS\System32\OpenSSH\;C:\Program Files\Intel\WiFi\bin\;C:\Program Files\Common Files\Intel\WirelessCommon\;D:\develop\Java\jdk1.8.0_102\bin;D:\develop\svn\bin;D:\develop\apache-maven-3.6.1\bin;D:\develop\Java\jdk1.8.0_102\jre\bin;D:\develop\Apache24\bin;D:\develop\nodejs\;D:\develop\mysql-5.7.27-winx64\bin;C:\Strawberry\c\bin;C:\Strawberry\perl\site\bin;C:\Strawberry\perl\bin;D:\develop\Git\cmd;M2_HOME;
USERNAME=wwm
OS=Windows_NT
PROCESSOR_IDENTIFIER=AMD64 Family 23 Model 17 Stepping 0, AuthenticAMD



---------------  S Y S T E M  ---------------

OS: Windows 10.0 , 64 bit Build 18362 (10.0.18362.1110)

CPU:total 8 (initial active 8) (8 cores per cpu, 1 threads per core) family 23 model 17 stepping 0, cmov, cx8, fxsr, mmx, sse, sse2, sse3, ssse3, sse4.1, sse4.2, popcnt, avx, avx2, aes, clmul, mmxext, 3dnowpref, lzcnt, sse4a, tsc, tscinvbit, tscinv, bmi1

Memory: 4k page, physical 7239248k(38576k free), swap 15627856k(6000k free)

vm_info: OpenJDK 64-Bit Server VM (25.242-b01) for windows-amd64 JRE (1.8.0_242-release-1644-b01), built by "builder" with MS VC++ 10.0 (VS2010)

time: Mon Dec 28 14:06:21 2020
timezone: 中国标准时间
elapsed time: 10 seconds (0d 0h 0m 10s)

